F, [2017-08-11T02:44:41.387905 #2184] FATAL -- : error adding listener addr=/sockets/unicorn.mywayNginx.sock
/home/vagrant/.rvm/gems/ruby-2.3.1@myway_site/gems/unicorn-5.3.0/lib/unicorn/socket_helper.rb:137:in `initialize': No such file or directory - connect(2) for /sockets/unicorn.mywayNginx.sock (Errno::ENOENT)
	from /home/vagrant/.rvm/gems/ruby-2.3.1@myway_site/gems/unicorn-5.3.0/lib/unicorn/socket_helper.rb:137:in `new'
	from /home/vagrant/.rvm/gems/ruby-2.3.1@myway_site/gems/unicorn-5.3.0/lib/unicorn/socket_helper.rb:137:in `bind_listen'
	from /home/vagrant/.rvm/gems/ruby-2.3.1@myway_site/gems/unicorn-5.3.0/lib/unicorn/http_server.rb:241:in `listen'
	from /home/vagrant/.rvm/gems/ruby-2.3.1@myway_site/gems/unicorn-5.3.0/lib/unicorn/http_server.rb:852:in `block in bind_new_listeners!'
	from /home/vagrant/.rvm/gems/ruby-2.3.1@myway_site/gems/unicorn-5.3.0/lib/unicorn/http_server.rb:852:in `each'
	from /home/vagrant/.rvm/gems/ruby-2.3.1@myway_site/gems/unicorn-5.3.0/lib/unicorn/http_server.rb:852:in `bind_new_listeners!'
	from /home/vagrant/.rvm/gems/ruby-2.3.1@myway_site/gems/unicorn-5.3.0/lib/unicorn/http_server.rb:140:in `start'
	from /home/vagrant/.rvm/gems/ruby-2.3.1@myway_site/gems/unicorn-5.3.0/bin/unicorn_rails:209:in `<top (required)>'
	from /home/vagrant/.rvm/gems/ruby-2.3.1@myway_site/bin/unicorn_rails:23:in `load'
	from /home/vagrant/.rvm/gems/ruby-2.3.1@myway_site/bin/unicorn_rails:23:in `<main>'
	from /home/vagrant/.rvm/gems/ruby-2.3.1@myway_site/bin/ruby_executable_hooks:15:in `eval'
	from /home/vagrant/.rvm/gems/ruby-2.3.1@myway_site/bin/ruby_executable_hooks:15:in `<main>'
F, [2017-08-11T02:45:04.041592 #2203] FATAL -- : error adding listener addr=/shared/sockets/unicorn.mywayNginx.sock
/home/vagrant/.rvm/gems/ruby-2.3.1@myway_site/gems/unicorn-5.3.0/lib/unicorn/socket_helper.rb:137:in `initialize': No such file or directory - connect(2) for /shared/sockets/unicorn.mywayNginx.sock (Errno::ENOENT)
	from /home/vagrant/.rvm/gems/ruby-2.3.1@myway_site/gems/unicorn-5.3.0/lib/unicorn/socket_helper.rb:137:in `new'
	from /home/vagrant/.rvm/gems/ruby-2.3.1@myway_site/gems/unicorn-5.3.0/lib/unicorn/socket_helper.rb:137:in `bind_listen'
	from /home/vagrant/.rvm/gems/ruby-2.3.1@myway_site/gems/unicorn-5.3.0/lib/unicorn/http_server.rb:241:in `listen'
	from /home/vagrant/.rvm/gems/ruby-2.3.1@myway_site/gems/unicorn-5.3.0/lib/unicorn/http_server.rb:852:in `block in bind_new_listeners!'
	from /home/vagrant/.rvm/gems/ruby-2.3.1@myway_site/gems/unicorn-5.3.0/lib/unicorn/http_server.rb:852:in `each'
	from /home/vagrant/.rvm/gems/ruby-2.3.1@myway_site/gems/unicorn-5.3.0/lib/unicorn/http_server.rb:852:in `bind_new_listeners!'
	from /home/vagrant/.rvm/gems/ruby-2.3.1@myway_site/gems/unicorn-5.3.0/lib/unicorn/http_server.rb:140:in `start'
	from /home/vagrant/.rvm/gems/ruby-2.3.1@myway_site/gems/unicorn-5.3.0/bin/unicorn_rails:209:in `<top (required)>'
	from /home/vagrant/.rvm/gems/ruby-2.3.1@myway_site/bin/unicorn_rails:23:in `load'
	from /home/vagrant/.rvm/gems/ruby-2.3.1@myway_site/bin/unicorn_rails:23:in `<main>'
	from /home/vagrant/.rvm/gems/ruby-2.3.1@myway_site/bin/ruby_executable_hooks:15:in `eval'
	from /home/vagrant/.rvm/gems/ruby-2.3.1@myway_site/bin/ruby_executable_hooks:15:in `<main>'
F, [2017-08-11T02:45:18.488812 #2216] FATAL -- : error adding listener addr=/shared/sockets/unicorn.mywayNginx.sock
/home/vagrant/.rvm/gems/ruby-2.3.1@myway_site/gems/unicorn-5.3.0/lib/unicorn/socket_helper.rb:137:in `initialize': No such file or directory - connect(2) for /shared/sockets/unicorn.mywayNginx.sock (Errno::ENOENT)
	from /home/vagrant/.rvm/gems/ruby-2.3.1@myway_site/gems/unicorn-5.3.0/lib/unicorn/socket_helper.rb:137:in `new'
	from /home/vagrant/.rvm/gems/ruby-2.3.1@myway_site/gems/unicorn-5.3.0/lib/unicorn/socket_helper.rb:137:in `bind_listen'
	from /home/vagrant/.rvm/gems/ruby-2.3.1@myway_site/gems/unicorn-5.3.0/lib/unicorn/http_server.rb:241:in `listen'
	from /home/vagrant/.rvm/gems/ruby-2.3.1@myway_site/gems/unicorn-5.3.0/lib/unicorn/http_server.rb:852:in `block in bind_new_listeners!'
	from /home/vagrant/.rvm/gems/ruby-2.3.1@myway_site/gems/unicorn-5.3.0/lib/unicorn/http_server.rb:852:in `each'
	from /home/vagrant/.rvm/gems/ruby-2.3.1@myway_site/gems/unicorn-5.3.0/lib/unicorn/http_server.rb:852:in `bind_new_listeners!'
	from /home/vagrant/.rvm/gems/ruby-2.3.1@myway_site/gems/unicorn-5.3.0/lib/unicorn/http_server.rb:140:in `start'
	from /home/vagrant/.rvm/gems/ruby-2.3.1@myway_site/gems/unicorn-5.3.0/bin/unicorn_rails:209:in `<top (required)>'
	from /home/vagrant/.rvm/gems/ruby-2.3.1@myway_site/bin/unicorn_rails:23:in `load'
	from /home/vagrant/.rvm/gems/ruby-2.3.1@myway_site/bin/unicorn_rails:23:in `<main>'
	from /home/vagrant/.rvm/gems/ruby-2.3.1@myway_site/bin/ruby_executable_hooks:15:in `eval'
	from /home/vagrant/.rvm/gems/ruby-2.3.1@myway_site/bin/ruby_executable_hooks:15:in `<main>'
F, [2017-08-11T02:46:27.339077 #2231] FATAL -- : error adding listener addr=/vagrant/shared/sockets/unicorn.mywayNginx.sock
/home/vagrant/.rvm/gems/ruby-2.3.1@myway_site/gems/unicorn-5.3.0/lib/unicorn/socket_helper.rb:137:in `initialize': Operation not permitted - connect(2) for /vagrant/shared/sockets/unicorn.mywayNginx.sock (Errno::EPERM)
	from /home/vagrant/.rvm/gems/ruby-2.3.1@myway_site/gems/unicorn-5.3.0/lib/unicorn/socket_helper.rb:137:in `new'
	from /home/vagrant/.rvm/gems/ruby-2.3.1@myway_site/gems/unicorn-5.3.0/lib/unicorn/socket_helper.rb:137:in `bind_listen'
	from /home/vagrant/.rvm/gems/ruby-2.3.1@myway_site/gems/unicorn-5.3.0/lib/unicorn/http_server.rb:241:in `listen'
	from /home/vagrant/.rvm/gems/ruby-2.3.1@myway_site/gems/unicorn-5.3.0/lib/unicorn/http_server.rb:852:in `block in bind_new_listeners!'
	from /home/vagrant/.rvm/gems/ruby-2.3.1@myway_site/gems/unicorn-5.3.0/lib/unicorn/http_server.rb:852:in `each'
	from /home/vagrant/.rvm/gems/ruby-2.3.1@myway_site/gems/unicorn-5.3.0/lib/unicorn/http_server.rb:852:in `bind_new_listeners!'
	from /home/vagrant/.rvm/gems/ruby-2.3.1@myway_site/gems/unicorn-5.3.0/lib/unicorn/http_server.rb:140:in `start'
	from /home/vagrant/.rvm/gems/ruby-2.3.1@myway_site/gems/unicorn-5.3.0/bin/unicorn_rails:209:in `<top (required)>'
	from /home/vagrant/.rvm/gems/ruby-2.3.1@myway_site/bin/unicorn_rails:23:in `load'
	from /home/vagrant/.rvm/gems/ruby-2.3.1@myway_site/bin/unicorn_rails:23:in `<main>'
	from /home/vagrant/.rvm/gems/ruby-2.3.1@myway_site/bin/ruby_executable_hooks:15:in `eval'
	from /home/vagrant/.rvm/gems/ruby-2.3.1@myway_site/bin/ruby_executable_hooks:15:in `<main>'
